<?xml version="1.0" encoding="UTF-8"?>
<testng-results ignored="0" total="1" passed="1" failed="0" skipped="0">
  <reporter-output>
  </reporter-output>
  <suite started-at="2024-02-27T14:09:48 IST" name="Default suite" finished-at="2024-02-27T14:09:55 IST" duration-ms="7189">
    <groups>
    </groups>
    <test started-at="2024-02-27T14:09:48 IST" name="Default test" finished-at="2024-02-27T14:09:55 IST" duration-ms="7189">
      <class name="Datadriven.Test.WriteExcel">
        <test-method signature="fblogin()[pri:0, instance:Datadriven.Test.WriteExcel@2d710f1a]" started-at="2024-02-27T14:09:48 IST" name="fblogin" finished-at="2024-02-27T14:09:55 IST" duration-ms="7152" status="PASS">
          <reporter-output>
          </reporter-output>
        </test-method> <!-- fblogin -->
      </class> <!-- Datadriven.Test.WriteExcel -->
    </test> <!-- Default test -->
  </suite> <!-- Default suite -->
</testng-results>
